2023-10-22T16:20:21.093+0200 INFO Initializing Servlet 'spring'
2023-10-22T16:20:22.818+0200 INFO HV000001: Hibernate Validator 6.2.5.Final
2023-10-22T16:20:24.884+0200 INFO Creating filter chain: org.springframework.security.web.util.matcher.AnyRequestMatcher@1, [org.springframework.security.web.context.request.async.WebAsyncManagerIntegrationFilter@1002a151, org.springframework.security.web.context.SecurityContextPersistenceFilter@29ce06b0, org.springframework.security.web.header.HeaderWriterFilter@1a714d1, org.springframework.security.web.csrf.CsrfFilter@15ddb82a, org.springframework.security.web.authentication.logout.LogoutFilter@12fdff78, org.springframework.security.web.savedrequest.RequestCacheAwareFilter@4119a22c, org.springframework.security.web.servletapi.SecurityContextHolderAwareRequestFilter@24f48ca0, org.springframework.security.web.authentication.AnonymousAuthenticationFilter@588e107d, org.springframework.security.web.session.SessionManagementFilter@3d25ef62, org.springframework.security.web.access.ExceptionTranslationFilter@5991020b, org.springframework.security.web.access.intercept.FilterSecurityInterceptor@393baef]
2023-10-22T16:20:24.956+0200 INFO Completed initialization in 3845 ms
2023-10-22T16:33:39.885+0200 WARN Resolved [org.springframework.web.HttpMediaTypeNotSupportedException: Content type 'multipart/form-data;boundary=--------------------------495265513685710520107073' not supported]
2023-10-22T16:35:54.447+0200 WARN Resolved [org.springframework.web.HttpMediaTypeNotSupportedException: Content type 'multipart/form-data;boundary=--------------------------223633502146958505916354' not supported]
2023-10-22T16:47:37.971+0200 INFO Initializing Servlet 'spring'
2023-10-22T16:47:39.821+0200 INFO HV000001: Hibernate Validator 6.2.5.Final
2023-10-22T16:47:41.901+0200 INFO Creating filter chain: org.springframework.security.web.util.matcher.AnyRequestMatcher@1, [org.springframework.security.web.context.request.async.WebAsyncManagerIntegrationFilter@34ee9000, org.springframework.security.web.context.SecurityContextPersistenceFilter@3d778db9, org.springframework.security.web.header.HeaderWriterFilter@3528e4d4, org.springframework.security.web.csrf.CsrfFilter@1364560f, org.springframework.security.web.authentication.logout.LogoutFilter@c3f234, org.springframework.security.web.savedrequest.RequestCacheAwareFilter@4f80c511, org.springframework.security.web.servletapi.SecurityContextHolderAwareRequestFilter@161ffb6, org.springframework.security.web.authentication.AnonymousAuthenticationFilter@6a4414bf, org.springframework.security.web.session.SessionManagementFilter@5e127ded, org.springframework.security.web.access.ExceptionTranslationFilter@620ed48c, org.springframework.security.web.access.intercept.FilterSecurityInterceptor@6faea62f]
2023-10-22T16:47:41.978+0200 INFO Completed initialization in 3986 ms
2023-10-22T16:50:04.302+0200 WARN Resolved [org.springframework.web.HttpMediaTypeNotSupportedException: Content type 'multipart/form-data;boundary=--------------------------592060388611754130393780' not supported]
2023-10-22T16:53:40.893+0200 INFO Initializing Servlet 'spring'
2023-10-22T16:53:42.738+0200 INFO HV000001: Hibernate Validator 6.2.5.Final
2023-10-22T16:53:44.926+0200 INFO Creating filter chain: org.springframework.security.web.util.matcher.AnyRequestMatcher@1, [org.springframework.security.web.context.request.async.WebAsyncManagerIntegrationFilter@13d19273, org.springframework.security.web.context.SecurityContextPersistenceFilter@549f5561, org.springframework.security.web.header.HeaderWriterFilter@228605e1, org.springframework.security.web.csrf.CsrfFilter@3d972b37, org.springframework.security.web.authentication.logout.LogoutFilter@ddcd9f1, org.springframework.security.web.savedrequest.RequestCacheAwareFilter@2787e051, org.springframework.security.web.servletapi.SecurityContextHolderAwareRequestFilter@556733e4, org.springframework.security.web.authentication.AnonymousAuthenticationFilter@506b8505, org.springframework.security.web.session.SessionManagementFilter@4b05e2f3, org.springframework.security.web.access.ExceptionTranslationFilter@2c9ecb60, org.springframework.security.web.access.intercept.FilterSecurityInterceptor@643b798d]
2023-10-22T16:53:45.008+0200 INFO Completed initialization in 4102 ms
2023-10-22T16:54:51.477+0200 WARN Resolved [org.springframework.web.HttpMediaTypeNotSupportedException: Content type 'multipart/form-data;boundary=--------------------------412351509409241395498987' not supported]
2023-10-22T17:03:10.610+0200 INFO Initializing Servlet 'spring'
2023-10-22T17:03:12.836+0200 INFO HV000001: Hibernate Validator 6.2.5.Final
2023-10-22T17:03:15.573+0200 INFO Creating filter chain: org.springframework.security.web.util.matcher.AnyRequestMatcher@1, [org.springframework.security.web.context.request.async.WebAsyncManagerIntegrationFilter@4f45ed22, org.springframework.security.web.context.SecurityContextPersistenceFilter@2fe310b, org.springframework.security.web.header.HeaderWriterFilter@61b4da5c, org.springframework.security.web.csrf.CsrfFilter@2242013, org.springframework.security.web.authentication.logout.LogoutFilter@6160ae57, org.springframework.security.web.savedrequest.RequestCacheAwareFilter@20de2518, org.springframework.security.web.servletapi.SecurityContextHolderAwareRequestFilter@cb42dee, org.springframework.security.web.authentication.AnonymousAuthenticationFilter@3a5aa359, org.springframework.security.web.session.SessionManagementFilter@5f1f59e3, org.springframework.security.web.access.ExceptionTranslationFilter@4432c7bd, org.springframework.security.web.access.intercept.FilterSecurityInterceptor@5ed930d6]
2023-10-22T17:03:15.663+0200 INFO Completed initialization in 5038 ms
2023-10-22T17:04:44.670+0200 WARN Resolved [org.springframework.web.HttpMediaTypeNotSupportedException: Content type 'multipart/form-data;boundary=--------------------------636590231280006787795664' not supported]
2023-10-22T17:12:02.209+0200 INFO Initializing Servlet 'spring'
2023-10-22T17:12:03.946+0200 INFO HV000001: Hibernate Validator 6.2.5.Final
2023-10-22T17:12:05.864+0200 INFO Creating filter chain: org.springframework.security.web.util.matcher.AnyRequestMatcher@1, [org.springframework.security.web.context.request.async.WebAsyncManagerIntegrationFilter@34e9a2cf, org.springframework.security.web.context.SecurityContextPersistenceFilter@2787e051, org.springframework.security.web.header.HeaderWriterFilter@250cf6a4, org.springframework.security.web.csrf.CsrfFilter@13c2b782, org.springframework.security.web.authentication.logout.LogoutFilter@4de621e3, org.springframework.security.web.savedrequest.RequestCacheAwareFilter@620ed48c, org.springframework.security.web.servletapi.SecurityContextHolderAwareRequestFilter@bb39957, org.springframework.security.web.authentication.AnonymousAuthenticationFilter@38934406, org.springframework.security.web.session.SessionManagementFilter@549f5561, org.springframework.security.web.access.ExceptionTranslationFilter@228605e1, org.springframework.security.web.access.intercept.FilterSecurityInterceptor@f625021]
2023-10-22T17:12:05.930+0200 INFO Completed initialization in 3708 ms
2023-10-22T17:13:06.125+0200 WARN Resolved [org.springframework.web.multipart.MultipartException: Failed to parse multipart servlet request; nested exception is java.lang.IllegalStateException: Unable to process parts as no multi-part configuration has been provided]
2023-10-22T17:51:49.724+0200 INFO Initializing Servlet 'spring'
2023-10-22T17:51:51.469+0200 INFO HV000001: Hibernate Validator 6.2.5.Final
2023-10-22T17:51:53.549+0200 INFO Creating filter chain: org.springframework.security.web.util.matcher.AnyRequestMatcher@1, [org.springframework.security.web.context.request.async.WebAsyncManagerIntegrationFilter@57f995a4, org.springframework.security.web.context.SecurityContextPersistenceFilter@be1f3d6, org.springframework.security.web.header.HeaderWriterFilter@50c73af4, org.springframework.security.web.csrf.CsrfFilter@7fce8421, org.springframework.security.web.authentication.logout.LogoutFilter@59a0d7fd, org.springframework.security.web.savedrequest.RequestCacheAwareFilter@46196c3e, org.springframework.security.web.servletapi.SecurityContextHolderAwareRequestFilter@430ad9be, org.springframework.security.web.authentication.AnonymousAuthenticationFilter@5ed930d6, org.springframework.security.web.session.SessionManagementFilter@306f7658, org.springframework.security.web.access.ExceptionTranslationFilter@6602d11b, org.springframework.security.web.access.intercept.FilterSecurityInterceptor@551e7852]
2023-10-22T17:51:53.619+0200 INFO Completed initialization in 3879 ms
2023-10-22T17:56:59.758+0200 INFO Initializing Servlet 'spring'
2023-10-22T17:57:01.578+0200 INFO HV000001: Hibernate Validator 6.2.5.Final
2023-10-22T17:57:03.572+0200 INFO Creating filter chain: org.springframework.security.web.util.matcher.AnyRequestMatcher@1, [org.springframework.security.web.context.request.async.WebAsyncManagerIntegrationFilter@6c24d248, org.springframework.security.web.context.SecurityContextPersistenceFilter@6160ae57, org.springframework.security.web.header.HeaderWriterFilter@79a269c3, org.springframework.security.web.csrf.CsrfFilter@29db3f23, org.springframework.security.web.authentication.logout.LogoutFilter@57f995a4, org.springframework.security.web.savedrequest.RequestCacheAwareFilter@5f4452bb, org.springframework.security.web.servletapi.SecurityContextHolderAwareRequestFilter@3c888166, org.springframework.security.web.authentication.AnonymousAuthenticationFilter@7928e5ce, org.springframework.security.web.session.SessionManagementFilter@3fdefb7b, org.springframework.security.web.access.ExceptionTranslationFilter@cb42dee, org.springframework.security.web.access.intercept.FilterSecurityInterceptor@682e7af]
2023-10-22T17:57:03.644+0200 INFO Completed initialization in 3873 ms
2023-10-22T18:03:06.778+0200 WARN Resolved [org.springframework.web.multipart.MultipartException: Failed to parse multipart servlet request; nested exception is java.lang.IllegalStateException: Unable to process parts as no multi-part configuration has been provided]
2023-10-22T18:15:25.796+0200 INFO Initializing Servlet 'spring'
2023-10-22T18:15:27.535+0200 INFO HV000001: Hibernate Validator 6.2.5.Final
2023-10-22T18:15:29.623+0200 INFO Creating filter chain: org.springframework.security.web.util.matcher.AnyRequestMatcher@1, [org.springframework.security.web.context.request.async.WebAsyncManagerIntegrationFilter@68dc8f7f, org.springframework.security.web.context.SecurityContextPersistenceFilter@27937c21, org.springframework.security.web.header.HeaderWriterFilter@3b69ad19, org.springframework.security.web.csrf.CsrfFilter@343047c, org.springframework.security.web.authentication.logout.LogoutFilter@68d9a4dd, org.springframework.security.web.savedrequest.RequestCacheAwareFilter@654a4b51, org.springframework.security.web.servletapi.SecurityContextHolderAwareRequestFilter@7a287117, org.springframework.security.web.authentication.AnonymousAuthenticationFilter@1b599d06, org.springframework.security.web.session.SessionManagementFilter@119ec2e4, org.springframework.security.web.access.ExceptionTranslationFilter@cf0d241, org.springframework.security.web.access.intercept.FilterSecurityInterceptor@27a38107]
2023-10-22T18:15:29.706+0200 INFO Completed initialization in 3895 ms
2023-10-22T18:16:33.335+0200 WARN Resolved [org.springframework.web.multipart.MultipartException: Failed to parse multipart servlet request; nested exception is java.lang.IllegalStateException: Unable to process parts as no multi-part configuration has been provided]
2023-10-23T16:33:31.754+0200 INFO Initializing Servlet 'spring'
2023-10-23T16:33:33.927+0200 INFO HV000001: Hibernate Validator 6.2.5.Final
2023-10-23T16:33:36.300+0200 INFO Creating filter chain: org.springframework.security.web.util.matcher.AnyRequestMatcher@1, [org.springframework.security.web.context.request.async.WebAsyncManagerIntegrationFilter@15ddb82a, org.springframework.security.web.context.SecurityContextPersistenceFilter@7cbe3d05, org.springframework.security.web.header.HeaderWriterFilter@20de2518, org.springframework.security.web.csrf.CsrfFilter@7cb17098, org.springframework.security.web.authentication.logout.LogoutFilter@2103697b, org.springframework.security.web.savedrequest.RequestCacheAwareFilter@2a805829, org.springframework.security.web.servletapi.SecurityContextHolderAwareRequestFilter@6160ae57, org.springframework.security.web.authentication.AnonymousAuthenticationFilter@54c659a1, org.springframework.security.web.session.SessionManagementFilter@3c98e574, org.springframework.security.web.access.ExceptionTranslationFilter@2fe310b, org.springframework.security.web.access.intercept.FilterSecurityInterceptor@62b5a16f]
2023-10-23T16:33:36.386+0200 INFO Completed initialization in 4610 ms
2023-10-23T16:34:36.302+0200 INFO Initializing Servlet 'spring'
2023-10-23T16:34:38.400+0200 INFO HV000001: Hibernate Validator 6.2.5.Final
2023-10-23T16:34:40.854+0200 INFO Creating filter chain: org.springframework.security.web.util.matcher.AnyRequestMatcher@1, [org.springframework.security.web.context.request.async.WebAsyncManagerIntegrationFilter@721e1bdf, org.springframework.security.web.context.SecurityContextPersistenceFilter@4fb5590e, org.springframework.security.web.header.HeaderWriterFilter@309c39dc, org.springframework.security.web.csrf.CsrfFilter@2f4ea879, org.springframework.security.web.authentication.logout.LogoutFilter@6cf14dc3, org.springframework.security.web.savedrequest.RequestCacheAwareFilter@26bc84dc, org.springframework.security.web.servletapi.SecurityContextHolderAwareRequestFilter@78e4c48b, org.springframework.security.web.authentication.AnonymousAuthenticationFilter@15ffcd0c, org.springframework.security.web.session.SessionManagementFilter@7d1e75f7, org.springframework.security.web.access.ExceptionTranslationFilter@2aa398f3, org.springframework.security.web.access.intercept.FilterSecurityInterceptor@6801e8ab]
2023-10-23T16:34:40.935+0200 INFO Completed initialization in 4615 ms
2023-10-23T16:40:12.672+0200 WARN Resolved [org.springframework.web.util.NestedServletException: Handler dispatch failed; nested exception is java.lang.NoClassDefFoundError: org/springframework/validation/annotation/ValidationAnnotationUtils]
2023-10-23T16:53:59.337+0200 INFO Initializing Servlet 'spring'
2023-10-23T16:54:01.086+0200 INFO HV000001: Hibernate Validator 6.2.5.Final
2023-10-23T16:54:03.311+0200 INFO Creating filter chain: org.springframework.security.web.util.matcher.AnyRequestMatcher@1, [org.springframework.security.web.context.request.async.WebAsyncManagerIntegrationFilter@68dc8f7f, org.springframework.security.web.context.SecurityContextPersistenceFilter@27937c21, org.springframework.security.web.header.HeaderWriterFilter@3b69ad19, org.springframework.security.web.csrf.CsrfFilter@343047c, org.springframework.security.web.authentication.logout.LogoutFilter@68d9a4dd, org.springframework.security.web.savedrequest.RequestCacheAwareFilter@654a4b51, org.springframework.security.web.servletapi.SecurityContextHolderAwareRequestFilter@7a287117, org.springframework.security.web.authentication.AnonymousAuthenticationFilter@1b599d06, org.springframework.security.web.session.SessionManagementFilter@119ec2e4, org.springframework.security.web.access.ExceptionTranslationFilter@cf0d241, org.springframework.security.web.access.intercept.FilterSecurityInterceptor@27a38107]
2023-10-23T16:54:03.391+0200 INFO Completed initialization in 4039 ms
2023-10-23T16:55:18.300+0200 WARN Resolved [org.springframework.web.multipart.support.MissingServletRequestPartException: Required request part 'image' is not present]
2023-10-23T16:56:13.479+0200 WARN Resolved [org.springframework.web.multipart.support.MissingServletRequestPartException: Required request part 'image' is not present]
2023-10-23T17:15:30.382+0200 INFO Initializing Servlet 'spring'
2023-10-23T17:15:32.184+0200 INFO HV000001: Hibernate Validator 6.2.5.Final
2023-10-23T17:15:34.308+0200 INFO Creating filter chain: org.springframework.security.web.util.matcher.AnyRequestMatcher@1, [org.springframework.security.web.context.request.async.WebAsyncManagerIntegrationFilter@17640714, org.springframework.security.web.context.SecurityContextPersistenceFilter@1942bc06, org.springframework.security.web.header.HeaderWriterFilter@2907bf0b, org.springframework.security.web.csrf.CsrfFilter@4520fb54, org.springframework.security.web.authentication.logout.LogoutFilter@21358f6c, org.springframework.security.web.savedrequest.RequestCacheAwareFilter@3cf3a09e, org.springframework.security.web.servletapi.SecurityContextHolderAwareRequestFilter@2196b8c6, org.springframework.security.web.authentication.AnonymousAuthenticationFilter@41d72593, org.springframework.security.web.session.SessionManagementFilter@10216c09, org.springframework.security.web.access.ExceptionTranslationFilter@10ab4afe, org.springframework.security.web.access.intercept.FilterSecurityInterceptor@2f2dd0c9]
2023-10-23T17:15:34.391+0200 INFO Completed initialization in 3995 ms
2023-10-23T17:21:03.356+0200 WARN Resolved [org.springframework.web.multipart.support.MissingServletRequestPartException: Required request part 'image' is not present]
2023-10-23T17:22:36.846+0200 INFO Initializing Servlet 'spring'
2023-10-23T17:22:38.549+0200 INFO HV000001: Hibernate Validator 6.2.5.Final
2023-10-23T17:22:40.495+0200 INFO Creating filter chain: org.springframework.security.web.util.matcher.AnyRequestMatcher@1, [org.springframework.security.web.context.request.async.WebAsyncManagerIntegrationFilter@74ca0511, org.springframework.security.web.context.SecurityContextPersistenceFilter@460fd904, org.springframework.security.web.header.HeaderWriterFilter@5772a790, org.springframework.security.web.csrf.CsrfFilter@27a8b1ff, org.springframework.security.web.authentication.logout.LogoutFilter@1a0b9278, org.springframework.security.web.savedrequest.RequestCacheAwareFilter@4b6af917, org.springframework.security.web.servletapi.SecurityContextHolderAwareRequestFilter@67d19660, org.springframework.security.web.authentication.AnonymousAuthenticationFilter@7c52b549, org.springframework.security.web.session.SessionManagementFilter@28860097, org.springframework.security.web.access.ExceptionTranslationFilter@6471020c, org.springframework.security.web.access.intercept.FilterSecurityInterceptor@4515ab2]
2023-10-23T17:22:40.557+0200 INFO Completed initialization in 3693 ms
2023-10-23T17:25:48.222+0200 WARN Resolved [org.springframework.web.multipart.MultipartException: Failed to parse multipart servlet request; nested exception is java.lang.IllegalStateException: Unable to process parts as no multi-part configuration has been provided]
2023-10-23T17:26:13.062+0200 WARN Resolved [org.springframework.web.multipart.MultipartException: Failed to parse multipart servlet request; nested exception is java.lang.IllegalStateException: Unable to process parts as no multi-part configuration has been provided]
2023-10-23T17:34:16.872+0200 INFO Initializing Servlet 'spring'
2023-10-23T17:34:18.554+0200 INFO HV000001: Hibernate Validator 6.2.5.Final
2023-10-23T17:34:20.578+0200 INFO Creating filter chain: org.springframework.security.web.util.matcher.AnyRequestMatcher@1, [org.springframework.security.web.context.request.async.WebAsyncManagerIntegrationFilter@5c911210, org.springframework.security.web.context.SecurityContextPersistenceFilter@a2c6068, org.springframework.security.web.header.HeaderWriterFilter@139b9795, org.springframework.security.web.csrf.CsrfFilter@2178325d, org.springframework.security.web.authentication.logout.LogoutFilter@74ca0511, org.springframework.security.web.savedrequest.RequestCacheAwareFilter@411f02f8, org.springframework.security.web.servletapi.SecurityContextHolderAwareRequestFilter@3b621547, org.springframework.security.web.authentication.AnonymousAuthenticationFilter@505806c8, org.springframework.security.web.session.SessionManagementFilter@3aa746cd, org.springframework.security.web.access.ExceptionTranslationFilter@36e99bce, org.springframework.security.web.access.intercept.FilterSecurityInterceptor@16a67578]
2023-10-23T17:34:20.646+0200 INFO Completed initialization in 3762 ms
2023-10-23T17:37:11.318+0200 WARN Resolved [org.springframework.web.multipart.support.MissingServletRequestPartException: Required request part 'image' is not present]
2023-10-23T17:52:45.090+0200 INFO Initializing Servlet 'spring'
2023-10-23T17:52:47.025+0200 INFO HV000001: Hibernate Validator 6.2.5.Final
2023-10-23T17:52:49.488+0200 INFO Creating filter chain: org.springframework.security.web.util.matcher.AnyRequestMatcher@1, [org.springframework.security.web.context.request.async.WebAsyncManagerIntegrationFilter@20eb7f95, org.springframework.security.web.context.SecurityContextPersistenceFilter@14c215d4, org.springframework.security.web.header.HeaderWriterFilter@2814bb39, org.springframework.security.web.csrf.CsrfFilter@77f3e77a, org.springframework.security.web.authentication.logout.LogoutFilter@25e085d7, org.springframework.security.web.savedrequest.RequestCacheAwareFilter@53f0d946, org.springframework.security.web.servletapi.SecurityContextHolderAwareRequestFilter@1e264875, org.springframework.security.web.authentication.AnonymousAuthenticationFilter@74ca0511, org.springframework.security.web.session.SessionManagementFilter@5e397a71, org.springframework.security.web.access.ExceptionTranslationFilter@7b00f659, org.springframework.security.web.access.intercept.FilterSecurityInterceptor@7c732d09]
2023-10-23T17:52:49.562+0200 INFO Completed initialization in 4450 ms
2023-10-23T17:54:08.096+0200 WARN Resolved [org.springframework.web.multipart.support.MissingServletRequestPartException: Required request part 'image' is not present]
2023-10-23T17:56:41.917+0200 INFO Initializing Servlet 'spring'
2023-10-23T17:56:43.639+0200 INFO HV000001: Hibernate Validator 6.2.5.Final
2023-10-23T17:56:45.772+0200 INFO Creating filter chain: org.springframework.security.web.util.matcher.AnyRequestMatcher@1, [org.springframework.security.web.context.request.async.WebAsyncManagerIntegrationFilter@7c590893, org.springframework.security.web.context.SecurityContextPersistenceFilter@72f9675d, org.springframework.security.web.header.HeaderWriterFilter@66d358cc, org.springframework.security.web.csrf.CsrfFilter@3b54101c, org.springframework.security.web.authentication.logout.LogoutFilter@318faf0b, org.springframework.security.web.savedrequest.RequestCacheAwareFilter@3ed6d23e, org.springframework.security.web.servletapi.SecurityContextHolderAwareRequestFilter@338e421f, org.springframework.security.web.authentication.AnonymousAuthenticationFilter@62b76443, org.springframework.security.web.session.SessionManagementFilter@51bccbc3, org.springframework.security.web.access.ExceptionTranslationFilter@3e98fd35, org.springframework.security.web.access.intercept.FilterSecurityInterceptor@6be66042]
2023-10-23T17:56:45.837+0200 INFO Completed initialization in 3906 ms
2023-10-23T17:57:27.801+0200 WARN Resolved [org.springframework.web.multipart.support.MissingServletRequestPartException: Required request part 'image' is not present]
2023-10-23T18:06:52.639+0200 INFO Initializing Servlet 'spring'
2023-10-23T18:06:54.321+0200 INFO HV000001: Hibernate Validator 6.2.5.Final
2023-10-23T18:06:56.358+0200 INFO Creating filter chain: org.springframework.security.web.util.matcher.AnyRequestMatcher@1, [org.springframework.security.web.context.request.async.WebAsyncManagerIntegrationFilter@262ba2aa, org.springframework.security.web.context.SecurityContextPersistenceFilter@79d76ad4, org.springframework.security.web.header.HeaderWriterFilter@7b8a0cb, org.springframework.security.web.csrf.CsrfFilter@14c215d4, org.springframework.security.web.authentication.logout.LogoutFilter@27c73893, org.springframework.security.web.savedrequest.RequestCacheAwareFilter@1223467f, org.springframework.security.web.servletapi.SecurityContextHolderAwareRequestFilter@5d730f36, org.springframework.security.web.authentication.AnonymousAuthenticationFilter@56104e84, org.springframework.security.web.session.SessionManagementFilter@4515ab2, org.springframework.security.web.access.ExceptionTranslationFilter@30bfecec, org.springframework.security.web.access.intercept.FilterSecurityInterceptor@32507931]
2023-10-23T18:06:56.428+0200 INFO Completed initialization in 3777 ms
2023-10-23T18:08:06.173+0200 WARN Resolved [org.springframework.web.multipart.support.MissingServletRequestPartException: Required request part 'image' is not present]
2023-10-23T18:24:33.242+0200 INFO Initializing Servlet 'spring'
2023-10-23T18:24:34.912+0200 INFO HV000001: Hibernate Validator 6.2.5.Final
2023-10-23T18:24:36.858+0200 INFO Creating filter chain: org.springframework.security.web.util.matcher.AnyRequestMatcher@1, [org.springframework.security.web.context.request.async.WebAsyncManagerIntegrationFilter@4a0bc4cc, org.springframework.security.web.context.SecurityContextPersistenceFilter@5612716, org.springframework.security.web.header.HeaderWriterFilter@754ecc69, org.springframework.security.web.csrf.CsrfFilter@6efd96c7, org.springframework.security.web.authentication.logout.LogoutFilter@41d72593, org.springframework.security.web.savedrequest.RequestCacheAwareFilter@6e7253b7, org.springframework.security.web.servletapi.SecurityContextHolderAwareRequestFilter@7896b4ae, org.springframework.security.web.authentication.AnonymousAuthenticationFilter@570da8f4, org.springframework.security.web.session.SessionManagementFilter@2b112657, org.springframework.security.web.access.ExceptionTranslationFilter@43aeca02, org.springframework.security.web.access.intercept.FilterSecurityInterceptor@6114fc0f]
2023-10-23T18:24:36.926+0200 INFO Completed initialization in 3672 ms
2023-10-23T18:25:50.555+0200 WARN Resolved [org.springframework.web.multipart.support.MissingServletRequestPartException: Required request part 'image' is not present]
2023-10-23T19:52:05.985+0200 INFO Initializing Servlet 'spring'
2023-10-23T19:52:07.646+0200 INFO HV000001: Hibernate Validator 6.2.5.Final
2023-10-23T19:52:09.614+0200 INFO Creating filter chain: org.springframework.security.web.util.matcher.AnyRequestMatcher@1, [org.springframework.security.web.context.request.async.WebAsyncManagerIntegrationFilter@3a9fe0d4, org.springframework.security.web.context.SecurityContextPersistenceFilter@27c73893, org.springframework.security.web.header.HeaderWriterFilter@8da061b, org.springframework.security.web.csrf.CsrfFilter@25e085d7, org.springframework.security.web.authentication.logout.LogoutFilter@1bc75a96, org.springframework.security.web.savedrequest.RequestCacheAwareFilter@6b4c6fa5, org.springframework.security.web.servletapi.SecurityContextHolderAwareRequestFilter@5c911210, org.springframework.security.web.authentication.AnonymousAuthenticationFilter@44946197, org.springframework.security.web.session.SessionManagementFilter@31800e86, org.springframework.security.web.access.ExceptionTranslationFilter@5d730f36, org.springframework.security.web.access.intercept.FilterSecurityInterceptor@3cf3a09e]
2023-10-23T19:52:09.675+0200 INFO Completed initialization in 3677 ms
2023-10-23T20:51:51.766+0200 INFO Initializing Servlet 'spring'
2023-10-23T20:51:53.484+0200 INFO HV000001: Hibernate Validator 6.2.5.Final
2023-10-23T20:51:55.444+0200 INFO Creating filter chain: org.springframework.security.web.util.matcher.AnyRequestMatcher@1, [org.springframework.security.web.context.request.async.WebAsyncManagerIntegrationFilter@74ca0511, org.springframework.security.web.context.SecurityContextPersistenceFilter@460fd904, org.springframework.security.web.header.HeaderWriterFilter@5772a790, org.springframework.security.web.csrf.CsrfFilter@27a8b1ff, org.springframework.security.web.authentication.logout.LogoutFilter@1a0b9278, org.springframework.security.web.savedrequest.RequestCacheAwareFilter@4b6af917, org.springframework.security.web.servletapi.SecurityContextHolderAwareRequestFilter@67d19660, org.springframework.security.web.authentication.AnonymousAuthenticationFilter@7c52b549, org.springframework.security.web.session.SessionManagementFilter@28860097, org.springframework.security.web.access.ExceptionTranslationFilter@6471020c, org.springframework.security.web.access.intercept.FilterSecurityInterceptor@4515ab2]
2023-10-23T20:51:55.515+0200 INFO Completed initialization in 3734 ms
2023-10-23T20:58:41.036+0200 INFO Initializing Servlet 'spring'
2023-10-23T20:58:42.706+0200 INFO HV000001: Hibernate Validator 6.2.5.Final
2023-10-23T20:58:44.715+0200 INFO Creating filter chain: org.springframework.security.web.util.matcher.AnyRequestMatcher@1, [org.springframework.security.web.context.request.async.WebAsyncManagerIntegrationFilter@c7cddb2, org.springframework.security.web.context.SecurityContextPersistenceFilter@3c68a85f, org.springframework.security.web.header.HeaderWriterFilter@4afafd11, org.springframework.security.web.csrf.CsrfFilter@16a7b925, org.springframework.security.web.authentication.logout.LogoutFilter@59fbfc5d, org.springframework.security.web.savedrequest.RequestCacheAwareFilter@31800e86, org.springframework.security.web.servletapi.SecurityContextHolderAwareRequestFilter@3bde2ba, org.springframework.security.web.authentication.AnonymousAuthenticationFilter@2daa7bf3, org.springframework.security.web.session.SessionManagementFilter@6c6f9897, org.springframework.security.web.access.ExceptionTranslationFilter@353cf6, org.springframework.security.web.access.intercept.FilterSecurityInterceptor@10216c09]
2023-10-23T20:58:44.780+0200 INFO Completed initialization in 3732 ms
2023-10-23T21:01:29.407+0200 WARN Resolved [org.springframework.web.multipart.MultipartException: Failed to parse multipart servlet request; nested exception is java.lang.IllegalStateException: Unable to process parts as no multi-part configuration has been provided]
